{
  "RSpec": {
    "coverage": {
      "/Users/marinf/PROJECTS/demo-blog/app/models/user.rb": {
        "lines": [
          1,
          1,
          null,
          1,
          1,
          1,
          null
        ]
      },
      "/Users/marinf/PROJECTS/demo-blog/app/models/application_record.rb": {
        "lines": [
          1,
          1,
          null
        ]
      },
      "/Users/marinf/PROJECTS/demo-blog/app/helpers/application_helper.rb": {
        "lines": [
          1,
          1,
          2,
          null,
          null,
          1,
          null,
          null,
          null,
          11,
          null,
          null,
          1,
          2,
          null,
          null,
          1,
          3,
          3,
          null,
          2,
          1,
          null,
          1,
          null,
          null,
          null
        ]
      },
      "/Users/marinf/PROJECTS/demo-blog/app/controllers/comments_controller.rb": {
        "lines": [
          1,
          1,
          1,
          null,
          1,
          2,
          null,
          2,
          1,
          null,
          null,
          1,
          1,
          null,
          null,
          1,
          2,
          null,
          2,
          1,
          null,
          null,
          1,
          1,
          null,
          null,
          1,
          1,
          1,
          null,
          null,
          1,
          null,
          1,
          4,
          4,
          null,
          null,
          null,
          1,
          10,
          null,
          10,
          3,
          3,
          5,
          4,
          null,
          null,
          null,
          null,
          1,
          5,
          null,
          5,
          2,
          2,
          3,
          3,
          null,
          null,
          null,
          null
        ]
      },
      "/Users/marinf/PROJECTS/demo-blog/app/controllers/application_controller.rb": {
        "lines": [
          1,
          null
        ]
      },
      "/Users/marinf/PROJECTS/demo-blog/app/controllers/posts_controller.rb": {
        "lines": [
          1,
          1,
          null,
          1,
          2,
          2,
          2,
          null,
          null,
          null,
          null,
          null,
          1,
          2,
          null,
          null,
          null,
          null,
          2,
          null,
          2,
          null,
          null,
          1,
          1,
          null,
          null,
          1,
          2,
          null,
          2,
          1,
          null,
          null,
          1,
          1,
          1,
          null,
          null,
          1,
          3,
          null,
          3,
          2,
          null,
          null,
          1,
          1,
          1,
          null,
          null,
          1,
          1,
          1,
          null,
          null,
          1,
          null,
          1,
          5,
          5,
          5,
          null,
          null,
          null,
          1,
          6,
          null,
          6,
          2,
          2,
          3,
          3,
          null,
          null,
          null,
          null
        ]
      },
      "/Users/marinf/PROJECTS/demo-blog/app/controllers/reactions_controller.rb": {
        "lines": [
          1,
          1,
          4,
          null,
          3,
          2,
          null,
          null,
          null,
          null,
          2,
          1,
          null,
          1,
          null,
          null,
          null
        ]
      },
      "/Users/marinf/PROJECTS/demo-blog/app/controllers/users/registrations_controller.rb": {
        "lines": [
          1,
          1,
          2,
          null,
          2,
          1,
          1,
          null,
          1,
          null,
          null,
          null,
          1,
          null,
          1,
          0,
          0,
          null,
          null
        ]
      },
      "/Users/marinf/PROJECTS/demo-blog/app/controllers/users/sessions_controller.rb": {
        "lines": [
          1,
          null,
          1,
          2,
          2,
          null,
          1,
          null,
          null,
          1,
          null,
          1,
          1,
          1,
          null,
          null
        ]
      },
      "/Users/marinf/PROJECTS/demo-blog/app/models/comment.rb": {
        "lines": [
          1,
          1,
          1,
          52,
          null,
          1,
          null,
          1,
          3,
          12,
          null,
          null,
          null
        ]
      },
      "/Users/marinf/PROJECTS/demo-blog/app/models/reaction.rb": {
        "lines": [
          1,
          1,
          null,
          1,
          1,
          null,
          1,
          null,
          1,
          1,
          null,
          1,
          null,
          1,
          5,
          null,
          null,
          1,
          3,
          51,
          null,
          null,
          null,
          1,
          null,
          1,
          52,
          null,
          null
        ]
      },
      "/Users/marinf/PROJECTS/demo-blog/app/models/post.rb": {
        "lines": [
          1,
          1,
          1,
          68,
          null,
          1,
          1,
          null,
          1,
          3,
          46,
          null,
          null,
          null
        ]
      },
      "/Users/marinf/PROJECTS/demo-blog/app/controllers/graphql_controller.rb": {
        "lines": [
          1,
          null,
          null,
          null,
          null,
          null,
          1,
          36,
          36,
          36,
          36,
          null,
          null,
          36,
          36,
          null,
          0,
          0,
          null,
          null,
          1,
          null,
          null,
          1,
          36,
          null,
          0,
          0,
          null,
          0,
          null,
          null,
          0,
          null,
          0,
          null,
          36,
          null,
          0,
          null,
          null,
          null,
          1,
          0,
          0,
          null,
          0,
          null,
          null
        ]
      },
      "/Users/marinf/PROJECTS/demo-blog/app/graphql/demo_blog_schema.rb": {
        "lines": [
          1,
          1,
          1,
          null,
          null,
          1,
          1,
          1,
          null,
          null,
          1,
          null,
          1,
          9,
          null,
          null
        ]
      },
      "/Users/marinf/PROJECTS/demo-blog/app/graphql/types/mutation_type.rb": {
        "lines": [
          1,
          1,
          1,
          1,
          1,
          null,
          1,
          1,
          1,
          null,
          1,
          1,
          null,
          1,
          1,
          null,
          null
        ]
      },
      "/Users/marinf/PROJECTS/demo-blog/app/graphql/types/base_object.rb": {
        "lines": [
          1,
          1,
          1,
          null,
          null
        ]
      },
      "/Users/marinf/PROJECTS/demo-blog/app/graphql/types/base_field.rb": {
        "lines": [
          1,
          1,
          1,
          null,
          null
        ]
      },
      "/Users/marinf/PROJECTS/demo-blog/app/graphql/types/base_argument.rb": {
        "lines": [
          1,
          1,
          null,
          null
        ]
      },
      "/Users/marinf/PROJECTS/demo-blog/app/graphql/mutations/create_post.rb": {
        "lines": [
          1,
          1,
          1,
          1,
          null,
          1,
          1,
          null,
          1,
          2,
          null,
          null,
          null,
          null,
          null,
          null,
          2,
          1,
          1,
          null,
          1,
          2,
          null,
          null,
          null
        ]
      },
      "/Users/marinf/PROJECTS/demo-blog/app/graphql/mutations/base_mutation.rb": {
        "lines": [
          1,
          1,
          1,
          1,
          1,
          1,
          null,
          null
        ]
      },
      "/Users/marinf/PROJECTS/demo-blog/app/graphql/types/base_input_object.rb": {
        "lines": [
          1,
          1,
          1,
          null,
          null
        ]
      },
      "/Users/marinf/PROJECTS/demo-blog/app/graphql/types/post_type.rb": {
        "lines": [
          1,
          1,
          1,
          null,
          1,
          1,
          1,
          1,
          1,
          1,
          1,
          1,
          null,
          null
        ]
      },
      "/Users/marinf/PROJECTS/demo-blog/app/graphql/types/user_type.rb": {
        "lines": [
          1,
          1,
          1,
          null,
          1,
          null,
          null
        ]
      },
      "/Users/marinf/PROJECTS/demo-blog/app/graphql/types/comment_type.rb": {
        "lines": [
          1,
          1,
          1,
          null,
          1,
          1,
          1,
          1,
          1,
          1,
          null,
          null
        ]
      },
      "/Users/marinf/PROJECTS/demo-blog/app/graphql/types/reaction_type.rb": {
        "lines": [
          1,
          1,
          1,
          null,
          1,
          1,
          null,
          null
        ]
      },
      "/Users/marinf/PROJECTS/demo-blog/app/graphql/mutations/update_post.rb": {
        "lines": [
          1,
          1,
          1,
          1,
          1,
          null,
          1,
          1,
          null,
          1,
          4,
          null,
          3,
          null,
          null,
          null,
          null,
          null,
          null,
          3,
          2,
          null,
          1,
          null,
          null,
          3,
          null,
          null,
          null
        ]
      },
      "/Users/marinf/PROJECTS/demo-blog/app/graphql/mutations/delete_post.rb": {
        "lines": [
          1,
          1,
          1,
          null,
          1,
          null,
          1,
          2,
          null,
          null,
          null
        ]
      },
      "/Users/marinf/PROJECTS/demo-blog/app/graphql/mutations/create_comment.rb": {
        "lines": [
          1,
          1,
          1,
          1,
          null,
          1,
          1,
          null,
          1,
          3,
          null,
          null,
          null,
          null,
          2,
          1,
          1,
          null,
          1,
          2,
          null,
          null,
          null
        ]
      },
      "/Users/marinf/PROJECTS/demo-blog/app/graphql/mutations/update_comment.rb": {
        "lines": [
          1,
          1,
          1,
          1,
          null,
          1,
          1,
          null,
          1,
          4,
          null,
          3,
          null,
          null,
          null,
          3,
          2,
          null,
          1,
          null,
          null,
          3,
          null,
          null,
          null
        ]
      },
      "/Users/marinf/PROJECTS/demo-blog/app/graphql/mutations/delete_comment.rb": {
        "lines": [
          1,
          1,
          1,
          null,
          1,
          null,
          1,
          2,
          null,
          null,
          null
        ]
      },
      "/Users/marinf/PROJECTS/demo-blog/app/graphql/mutations/react_to_post.rb": {
        "lines": [
          1,
          1,
          1,
          1,
          null,
          1,
          1,
          null,
          1,
          5,
          null,
          null,
          null,
          null,
          4,
          1,
          null,
          3,
          4,
          null,
          null,
          null
        ]
      },
      "/Users/marinf/PROJECTS/demo-blog/app/graphql/mutations/delete_reaction_to_post.rb": {
        "lines": [
          1,
          1,
          1,
          null,
          1,
          null,
          1,
          3,
          null,
          2,
          null,
          null,
          null
        ]
      },
      "/Users/marinf/PROJECTS/demo-blog/app/graphql/mutations/react_to_comment.rb": {
        "lines": [
          1,
          1,
          1,
          1,
          null,
          1,
          1,
          null,
          1,
          5,
          null,
          null,
          null,
          null,
          4,
          1,
          null,
          3,
          4,
          null,
          null,
          null
        ]
      },
      "/Users/marinf/PROJECTS/demo-blog/app/graphql/mutations/delete_reaction_to_comment.rb": {
        "lines": [
          1,
          1,
          1,
          null,
          1,
          null,
          1,
          3,
          null,
          2,
          null,
          null,
          null
        ]
      },
      "/Users/marinf/PROJECTS/demo-blog/app/graphql/types/query_type.rb": {
        "lines": [
          1,
          1,
          1,
          null,
          1,
          1,
          null,
          null,
          1,
          1,
          null,
          null,
          1,
          1,
          null,
          null,
          1,
          1,
          null,
          null,
          1,
          1,
          null,
          null,
          1,
          null,
          1,
          2,
          2,
          null,
          2,
          2,
          2,
          null,
          null,
          null,
          2,
          2,
          2,
          null,
          2,
          2,
          2,
          null,
          null,
          null,
          2,
          null,
          null,
          2,
          null,
          null,
          1,
          1,
          1,
          null,
          1,
          1,
          1,
          null,
          null,
          null,
          1,
          null,
          null,
          null
        ]
      }
    },
    "timestamp": 1599786022
  }
}
