{
  "RSpec": {
    "coverage": {
      "/Users/marinf/PROJECTS/demo-blog/app/models/user.rb": {
        "lines": [
          1,
          1,
          null,
          1,
          1,
          1,
          null
        ]
      },
      "/Users/marinf/PROJECTS/demo-blog/app/models/application_record.rb": {
        "lines": [
          1,
          1,
          null
        ]
      },
      "/Users/marinf/PROJECTS/demo-blog/app/helpers/application_helper.rb": {
        "lines": [
          1,
          1,
          2,
          null,
          null,
          1,
          null,
          null,
          null,
          6,
          null,
          null,
          1,
          2,
          null,
          null,
          1,
          3,
          3,
          null,
          2,
          1,
          null,
          1,
          null,
          null,
          null
        ]
      },
      "/Users/marinf/PROJECTS/demo-blog/app/controllers/comments_controller.rb": {
        "lines": [
          1,
          1,
          1,
          null,
          1,
          2,
          null,
          2,
          1,
          null,
          null,
          1,
          1,
          null,
          null,
          1,
          2,
          null,
          2,
          1,
          null,
          null,
          1,
          1,
          null,
          null,
          1,
          1,
          1,
          null,
          null,
          1,
          null,
          1,
          4,
          4,
          null,
          null,
          null,
          1,
          10,
          null,
          10,
          3,
          3,
          5,
          4,
          null,
          null,
          null,
          null,
          1,
          5,
          null,
          5,
          2,
          2,
          3,
          3,
          null,
          null,
          null,
          null
        ]
      },
      "/Users/marinf/PROJECTS/demo-blog/app/controllers/application_controller.rb": {
        "lines": [
          1,
          null
        ]
      },
      "/Users/marinf/PROJECTS/demo-blog/app/controllers/posts_controller.rb": {
        "lines": [
          1,
          1,
          null,
          1,
          2,
          2,
          2,
          null,
          null,
          null,
          null,
          null,
          1,
          2,
          null,
          null,
          null,
          null,
          2,
          null,
          2,
          null,
          null,
          1,
          1,
          null,
          null,
          1,
          2,
          null,
          2,
          1,
          null,
          null,
          1,
          1,
          1,
          null,
          null,
          1,
          3,
          null,
          3,
          2,
          null,
          null,
          1,
          1,
          1,
          null,
          null,
          1,
          1,
          1,
          null,
          null,
          1,
          null,
          1,
          5,
          5,
          5,
          null,
          null,
          null,
          1,
          6,
          null,
          6,
          2,
          2,
          3,
          3,
          null,
          null,
          null,
          null
        ]
      },
      "/Users/marinf/PROJECTS/demo-blog/app/controllers/reactions_controller.rb": {
        "lines": [
          1,
          1,
          4,
          null,
          3,
          2,
          null,
          null,
          null,
          null,
          2,
          1,
          null,
          1,
          null,
          null,
          null
        ]
      },
      "/Users/marinf/PROJECTS/demo-blog/app/controllers/users/registrations_controller.rb": {
        "lines": [
          1,
          1,
          2,
          null,
          2,
          1,
          1,
          null,
          1,
          null,
          null,
          null,
          1,
          null,
          1,
          0,
          0,
          null,
          null
        ]
      },
      "/Users/marinf/PROJECTS/demo-blog/app/controllers/users/sessions_controller.rb": {
        "lines": [
          1,
          null,
          1,
          2,
          2,
          null,
          1,
          null,
          null,
          1,
          null,
          1,
          1,
          1,
          null,
          null
        ]
      },
      "/Users/marinf/PROJECTS/demo-blog/app/models/comment.rb": {
        "lines": [
          1,
          1,
          1,
          7,
          null,
          1,
          null,
          1,
          3,
          12,
          null,
          null,
          null
        ]
      },
      "/Users/marinf/PROJECTS/demo-blog/app/models/reaction.rb": {
        "lines": [
          1,
          1,
          null,
          1,
          1,
          null,
          1,
          null,
          1,
          1,
          null,
          1,
          null,
          1,
          5,
          null,
          null,
          1,
          3,
          51,
          null,
          null,
          null,
          1,
          null,
          1,
          27,
          null,
          null
        ]
      },
      "/Users/marinf/PROJECTS/demo-blog/app/models/post.rb": {
        "lines": [
          1,
          1,
          1,
          26,
          null,
          1,
          1,
          null,
          1,
          16,
          null,
          null,
          1,
          14,
          null,
          null,
          1,
          16,
          null,
          null
        ]
      }
    },
    "timestamp": 1599765646
  }
}
